2019-07-29 12:56:27 INFO  MercuryTravels:117 - openBrowser Successfully Run
2019-07-29 12:56:29 INFO  MercuryTravels:117 - navigate Successfully Run
2019-07-29 12:56:30 INFO  MercuryTravels:105 - username Successfully Run
2019-07-29 12:58:09 INFO  MercuryTravels:110 - password Successfully Run
2019-07-29 12:58:09 INFO  MercuryTravels:87 - selectPassenger Successfully Run
2019-07-29 12:58:09 INFO  MercuryTravels:87 - selectFromPort Successfully Run
2019-07-29 12:58:09 INFO  MercuryTravels:87 - selectFromMonth Successfully Run
2019-07-29 12:58:09 INFO  MercuryTravels:87 - selectFromDate Successfully Run
2019-07-29 12:58:09 INFO  MercuryTravels:87 - selectToPort Successfully Run
2019-07-29 12:58:09 INFO  MercuryTravels:87 - selectToMonth Successfully Run
2019-07-29 12:58:10 INFO  MercuryTravels:87 - selectToDate Successfully Run
2019-07-29 12:58:10 INFO  MercuryTravels:87 - selectServiceClass Successfully Run
2019-07-29 12:58:10 INFO  MercuryTravels:87 - selectAirline Successfully Run
2019-07-29 12:58:13 INFO  MercuryTravels:87 - submit Successfully Run
2019-07-29 12:58:27 INFO  MercuryTravels:97 - submitFlight Successfully Run
2019-07-29 12:58:27 INFO  MercuryTravels:92 - firstName Successfully Run
2019-07-29 12:58:27 INFO  MercuryTravels:92 - lastName Successfully Run
2019-07-29 12:58:28 INFO  MercuryTravels:92 - meal Successfully Run
2019-07-29 12:58:28 INFO  MercuryTravels:92 - cardType Successfully Run
2019-07-29 12:58:28 INFO  MercuryTravels:92 - expiryYear Successfully Run
2019-07-29 12:58:28 INFO  MercuryTravels:92 - cardNumber Successfully Run
2019-07-29 12:58:28 INFO  MercuryTravels:92 - expiryMonth Successfully Run
2019-07-29 12:58:28 INFO  MercuryTravels:92 - cardFirstName Successfully Run
2019-07-29 12:58:28 INFO  MercuryTravels:92 - cardLastName Successfully Run
2019-07-29 12:58:31 INFO  MercuryTravels:92 - purchase Successfully Run
2019-07-29 12:58:35 INFO  MercuryTravels:117 - openBrowser Successfully Run
2019-07-29 12:58:37 INFO  MercuryTravels:117 - navigate Successfully Run
2019-07-29 12:58:37 INFO  MercuryTravels:105 - username Successfully Run
2019-07-29 12:58:54 INFO  MercuryTravels:110 - password Successfully Run
2019-07-29 12:58:54 INFO  MercuryTravels:117 - trueValidate Successfully Run
2019-07-29 12:58:58 INFO  MercuryTravels:117 - openBrowser Successfully Run
2019-07-29 12:59:00 INFO  MercuryTravels:117 - navigate Successfully Run
2019-07-29 12:59:00 INFO  MercuryTravels:105 - username Successfully Run
2019-07-29 12:59:01 INFO  MercuryTravels:110 - password Successfully Run
2019-07-29 12:59:01 INFO  MercuryTravels:117 - falseValidate Successfully Run
2019-07-29 13:06:20 INFO  MercuryTravels:117 - openBrowser Successfully Run
2019-07-29 13:06:22 INFO  MercuryTravels:117 - navigate Successfully Run
2019-07-29 13:06:22 INFO  MercuryTravels:105 - username Successfully Run
2019-07-29 13:06:39 INFO  MercuryTravels:110 - password Successfully Run
2019-07-29 13:06:39 INFO  MercuryTravels:87 - selectPassenger Successfully Run
2019-07-29 13:06:39 INFO  MercuryTravels:87 - selectFromPort Successfully Run
2019-07-29 13:06:39 INFO  MercuryTravels:87 - selectFromMonth Successfully Run
2019-07-29 13:06:40 INFO  MercuryTravels:87 - selectFromDate Successfully Run
2019-07-29 13:06:40 INFO  MercuryTravels:87 - selectToPort Successfully Run
2019-07-29 13:06:40 INFO  MercuryTravels:87 - selectToMonth Successfully Run
2019-07-29 13:06:40 INFO  MercuryTravels:87 - selectToDate Successfully Run
2019-07-29 13:06:40 INFO  MercuryTravels:87 - selectServiceClass Successfully Run
2019-07-29 13:06:40 INFO  MercuryTravels:87 - selectAirline Successfully Run
2019-07-29 13:06:41 INFO  MercuryTravels:87 - submit Successfully Run
2019-07-29 13:07:11 INFO  MercuryTravels:97 - submitFlight Successfully Run
2019-07-29 13:07:11 INFO  MercuryTravels:92 - firstName Successfully Run
2019-07-29 13:07:11 INFO  MercuryTravels:92 - lastName Successfully Run
2019-07-29 13:07:12 INFO  MercuryTravels:92 - meal Successfully Run
2019-07-29 13:07:12 INFO  MercuryTravels:92 - cardType Successfully Run
2019-07-29 13:07:12 INFO  MercuryTravels:92 - expiryYear Successfully Run
2019-07-29 13:07:12 INFO  MercuryTravels:92 - cardNumber Successfully Run
2019-07-29 13:07:12 INFO  MercuryTravels:92 - expiryMonth Successfully Run
2019-07-29 13:07:12 INFO  MercuryTravels:92 - cardFirstName Successfully Run
2019-07-29 13:07:12 INFO  MercuryTravels:92 - cardLastName Successfully Run
2019-07-29 13:07:39 INFO  MercuryTravels:92 - purchase Successfully Run
2019-07-29 13:07:43 INFO  MercuryTravels:117 - openBrowser Successfully Run
2019-07-29 13:07:47 INFO  MercuryTravels:117 - navigate Successfully Run
2019-07-29 13:07:47 INFO  MercuryTravels:105 - username Successfully Run
